15:02:17.725 [main] DEBUG org.hibernate.orm.model.mapping.creation - Starting post-init callbacks
15:02:17.731 [main] DEBUG org.hibernate.orm.model.mapping.creation - Starting PostInitCallbackEntry : Entity(com.demo.models.User) `staticFetchableList` generator
15:02:17.893 [main] DEBUG org.hibernate.persister.entity.AbstractEntityPersister - Static SQL for entity: com.demo.models.User
15:02:17.893 [main] DEBUG org.hibernate.persister.entity.AbstractEntityPersister -  Version select: select id from users where id=?
15:02:17.894 [main] DEBUG org.hibernate.persister.entity.AbstractEntityPersister -  Insert (0): insert into users (email,name,password,role,surname,username,id) values (?,?,?,?,?,?,default)
15:02:17.895 [main] DEBUG org.hibernate.persister.entity.AbstractEntityPersister -  Update (0): update users set email=?,name=?,password=?,role=?,surname=?,username=? where id=?
15:02:17.896 [main] DEBUG org.hibernate.persister.entity.AbstractEntityPersister -  Delete (0): delete from users where id=?
15:02:17.926 [main] DEBUG org.hibernate.orm.sql.ast.create - Created new SQL alias : u1_0
15:02:17.926 [main] DEBUG org.hibernate.orm.sql.ast.create - Registration of TableGroup [StandardTableGroup(com.demo.models.User)] with identifierForTableGroup [com.demo.models.User] for NavigablePath [com.demo.models.User] 
15:02:17.988 [main] DEBUG org.hibernate.orm.results.graph.AST - DomainResult Graph:
 \-EntityResultImpl [com.demo.models.User]
 |  +-BasicFetch [com.demo.models.User.email]
 |  +-BasicFetch [com.demo.models.User.name]
 |  +-BasicFetch [com.demo.models.User.password]
 |  +-BasicFetch [com.demo.models.User.role]
 |  +-BasicFetch [com.demo.models.User.surname]
 |  \-BasicFetch [com.demo.models.User.username]

15:02:17.998 [main] DEBUG org.hibernate.orm.sql.ast.tree - SQL AST Tree:
    SelectStatement {
      FromClause {
        StandardTableGroup (u1 : com.demo.models.User) {
          primaryTableReference : users as u1_0
        }
      }
    }

15:02:18.117 [main] DEBUG org.hibernate.service.internal.SessionFactoryServiceRegistryImpl - EventListenerRegistry access via ServiceRegistry is deprecated.  Use `sessionFactory.getEventEngine().getListenerRegistry()` instead
15:02:18.124 [main] DEBUG org.hibernate.event.internal.EntityCopyObserverFactoryInitiator - Configured EntityCopyObserver strategy: disallow
15:02:18.152 [main] DEBUG org.hibernate.engine.transaction.jta.platform.internal.JtaPlatformInitiator - No JtaPlatform was specified, checking resolver
15:02:18.153 [main] DEBUG org.hibernate.engine.transaction.jta.platform.internal.JtaPlatformResolverInitiator - No JtaPlatformResolver was specified, using default [org.hibernate.engine.transaction.jta.platform.internal.StandardJtaPlatformResolver]
15:02:18.162 [main] DEBUG org.hibernate.engine.transaction.jta.platform.internal.StandardJtaPlatformResolver - Could not resolve JtaPlatform, using default [org.hibernate.engine.transaction.jta.platform.internal.NoJtaPlatform]
15:02:18.162 [main] INFO  org.hibernate.engine.transaction.jta.platform.internal.JtaPlatformInitiator - HHH000490: Using JtaPlatform implementation: [org.hibernate.engine.transaction.jta.platform.internal.NoJtaPlatform]
15:02:18.170 [main] DEBUG org.hibernate.type.spi.TypeConfiguration$Scope - Scoping TypeConfiguration [org.hibernate.type.spi.TypeConfiguration@2ad80cf6] to SessionFactoryImplementor [org.hibernate.internal.SessionFactoryImpl@55a72c9e]
15:02:18.175 [main] DEBUG org.hibernate.query.named.NamedObjectRepository - Checking 0 named HQL queries
15:02:18.176 [main] DEBUG org.hibernate.query.named.NamedObjectRepository - Checking 0 named SQL queries
15:02:18.228 [main] DEBUG org.hibernate.SQL - drop table if exists users cascade 
15:02:18.232 [main] INFO  org.hibernate.orm.connections.access - HHH10001501: Connection obtained from JdbcConnectionAccess [org.hibernate.engine.jdbc.env.internal.JdbcEnvironmentInitiator$ConnectionProviderJdbcConnectionAccess@a0d3cc7] for (non-JTA) DDL execution was not in auto-commit mode; the Connection 'local transaction' will be committed and the Connection will be set into auto-commit mode.
15:02:18.279 [main] DEBUG org.hibernate.SQL - create table users (id bigint generated by default as identity, name varchar(50) not null, surname varchar(50) not null, username varchar(50) not null unique, email varchar(100) not null, password varchar(100) not null, role varchar(255) not null check (role in ('ADMIN','USER','MODERATOR')), primary key (id))
15:02:18.279 [main] INFO  org.hibernate.orm.connections.access - HHH10001501: Connection obtained from JdbcConnectionAccess [org.hibernate.engine.jdbc.env.internal.JdbcEnvironmentInitiator$ConnectionProviderJdbcConnectionAccess@5a342baf] for (non-JTA) DDL execution was not in auto-commit mode; the Connection 'local transaction' will be committed and the Connection will be set into auto-commit mode.
15:02:18.344 [main] DEBUG org.hibernate.tool.schema.internal.exec.GenerationTargetToDatabase - HHH000476: Executing script '[injected ScriptSourceInputNonExistentImpl script]'
15:02:18.364 [main] DEBUG org.hibernate.internal.SessionFactoryRegistry - Initializing SessionFactoryRegistry : org.hibernate.internal.SessionFactoryRegistry@59e5ecab
15:02:18.364 [main] DEBUG org.hibernate.internal.SessionFactoryRegistry - Registering SessionFactory: d8023157-e076-4964-bbff-bded46f1da1c (<unnamed>)
15:02:18.365 [main] DEBUG org.hibernate.internal.SessionFactoryRegistry - Not binding SessionFactory to JNDI, no JNDI name configured
15:02:18.365 [main] DEBUG org.hibernate.internal.SessionFactoryImpl - Instantiated SessionFactory
15:02:18.567 [main] DEBUG org.hibernate.stat.internal.StatisticsInitiator - Statistics initialized [enabled=false]
15:02:18.584 [main] DEBUG org.hibernate.engine.transaction.internal.TransactionImpl - On TransactionImpl creation, JpaCompliance#isJpaTransactionComplianceEnabled == false
15:02:18.584 [main] DEBUG org.hibernate.engine.transaction.internal.TransactionImpl - begin
15:02:18.594 [main] INFO  com.demo.impl.UserDAOImpl - Utworzenie użytkownika: admin
15:02:18.639 [main] DEBUG org.hibernate.engine.spi.ActionQueue - Executing identity-insert immediately
15:02:18.664 [main] DEBUG org.hibernate.SQL - insert into users (email,name,password,role,surname,username,id) values (?,?,?,?,?,?,default)
15:02:18.737 [main] DEBUG org.hibernate.id.IdentifierGeneratorHelper - Natively generated identity (com.demo.models.User) : 1
15:02:18.799 [main] DEBUG org.hibernate.resource.jdbc.internal.ResourceRegistryStandardImpl - HHH000387: ResultSet's statement was not registered
15:02:18.802 [main] DEBUG org.hibernate.resource.jdbc.internal.ResourceRegistryStandardImpl - Exception clearing maxRows/queryTimeout [Obiekt jest zamknięty
The object is already closed [90007-224]]
15:02:18.814 [main] DEBUG com.demo.impl.UserDAOImpl - Szukanie użytkowników z rolą: ADMIN
15:02:18.818 [main] DEBUG org.hibernate.orm.query.hql - HQL : SELECT u FROM User u WHERE u.role = :role
15:02:19.562 [main] DEBUG org.hibernate.query.hql.internal.SemanticQueryBuilder - Handling root path - User
15:02:19.623 [main] DEBUG org.hibernate.orm.query.sqm.creation - Applying inferable type to SqmExpression [SqmNamedParameter(role)] : null -> BasicSqmPathSource(role : UserRole)
15:02:19.652 [main] DEBUG org.hibernate.orm.query.sqm.ast - SqmStatement Tree :
    -> [select]
      -> [query-spec]
        -> [select]
          -> [selection]
            -> [root] - `com.demo.models.User(u)`
            <- [root] - `com.demo.models.User(u)`
          <- [selection]
        <- [select]
        -> [from]
          -> [root] - `com.demo.models.User(u)`
          <- [root] - `com.demo.models.User(u)`
        <- [from]
        -> [where]
          -> [EQUAL]
              -> [basic-path] - `com.demo.models.User(u).role`
              :role
          <- [EQUAL]
        <- [where]
      <- [query-spec]
    <- [select]

15:02:19.887 [main] DEBUG org.hibernate.orm.sql.ast.create - Created new SQL alias : u1_0
15:02:19.889 [main] DEBUG org.hibernate.orm.sql.ast.create - Registration of TableGroup [StandardTableGroup(com.demo.models.User(u))] with identifierForTableGroup [com.demo.models.User] for NavigablePath [com.demo.models.User] 
15:02:19.927 [main] DEBUG org.hibernate.query.sqm.sql.BaseSqmToSqlAstConverter - Determining mapping-model type for SqmParameter : SqmNamedParameter(role)
15:02:19.933 [main] DEBUG org.hibernate.query.sqm.sql.BaseSqmToSqlAstConverter - Determining mapping-model type for SqmPath : SqmBasicValuedSimplePath(com.demo.models.User(u).role) 
15:02:19.961 [main] DEBUG org.hibernate.orm.results.graph.AST - DomainResult Graph:
 \-EntityResultImpl [com.demo.models.User(u)]
 |  +-BasicFetch [com.demo.models.User(u).email]
 |  +-BasicFetch [com.demo.models.User(u).name]
 |  +-BasicFetch [com.demo.models.User(u).password]
 |  +-BasicFetch [com.demo.models.User(u).role]
 |  +-BasicFetch [com.demo.models.User(u).surname]
 |  \-BasicFetch [com.demo.models.User(u).username]

15:02:19.961 [main] DEBUG org.hibernate.orm.sql.ast.tree - SQL AST Tree:
    SelectStatement {
      FromClause {
        StandardTableGroup (u1 : com.demo.models.User(u)) {
          primaryTableReference : users as u1_0
        }
      }
    }

15:02:19.979 [main] DEBUG org.hibernate.event.internal.AbstractFlushingEventListener - Processing flush-time cascades
15:02:19.981 [main] DEBUG org.hibernate.event.internal.AbstractFlushingEventListener - Dirty checking collections
15:02:20.005 [main] DEBUG org.hibernate.event.internal.AbstractFlushingEventListener - Flushed: 0 insertions, 0 updates, 0 deletions to 1 objects
15:02:20.006 [main] DEBUG org.hibernate.event.internal.AbstractFlushingEventListener - Flushed: 0 (re)creations, 0 updates, 0 removals to 0 collections
15:02:20.011 [main] DEBUG org.hibernate.internal.util.EntityPrinter - Listing entities:
15:02:20.016 [main] DEBUG org.hibernate.internal.util.EntityPrinter - com.demo.models.User{password=admin, role=ADMIN, surname=Admin, name=Admin, id=1, email=admin@admin.com, username=admin}
15:02:20.058 [main] DEBUG org.hibernate.orm.sql.exec - Skipping reading Query result cache data: cache-enabled = false, cache-mode = NORMAL
