13:13:45.762 [main] DEBUG org.hibernate.orm.model.mapping.creation - Starting post-init callbacks
13:13:45.776 [main] DEBUG org.hibernate.orm.model.mapping.creation - Starting PostInitCallbackEntry : Entity(com.demo.models.User) `staticFetchableList` generator
13:13:46.060 [main] DEBUG org.hibernate.persister.entity.AbstractEntityPersister - Static SQL for entity: com.demo.models.User
13:13:46.061 [main] DEBUG org.hibernate.persister.entity.AbstractEntityPersister -  Version select: select id from users where id=?
13:13:46.061 [main] DEBUG org.hibernate.persister.entity.AbstractEntityPersister -  Insert (0): insert into users (email,name,password,role,surname,username,id) values (?,?,?,?,?,?,default)
13:13:46.062 [main] DEBUG org.hibernate.persister.entity.AbstractEntityPersister -  Update (0): update users set email=?,name=?,password=?,role=?,surname=?,username=? where id=?
13:13:46.071 [main] DEBUG org.hibernate.persister.entity.AbstractEntityPersister -  Delete (0): delete from users where id=?
13:13:46.126 [main] DEBUG org.hibernate.orm.sql.ast.create - Created new SQL alias : u1_0
13:13:46.138 [main] DEBUG org.hibernate.orm.sql.ast.create - Registration of TableGroup [StandardTableGroup(com.demo.models.User)] with identifierForTableGroup [com.demo.models.User] for NavigablePath [com.demo.models.User] 
13:13:46.198 [main] DEBUG org.hibernate.orm.results.graph.AST - DomainResult Graph:
 \-EntityResultImpl [com.demo.models.User]
 |  +-BasicFetch [com.demo.models.User.email]
 |  +-BasicFetch [com.demo.models.User.name]
 |  +-BasicFetch [com.demo.models.User.password]
 |  +-BasicFetch [com.demo.models.User.role]
 |  +-BasicFetch [com.demo.models.User.surname]
 |  \-BasicFetch [com.demo.models.User.username]

13:13:46.208 [main] DEBUG org.hibernate.orm.sql.ast.tree - SQL AST Tree:
    SelectStatement {
      FromClause {
        StandardTableGroup (u1 : com.demo.models.User) {
          primaryTableReference : users as u1_0
        }
      }
    }

13:13:46.458 [main] DEBUG org.hibernate.service.internal.SessionFactoryServiceRegistryImpl - EventListenerRegistry access via ServiceRegistry is deprecated.  Use `sessionFactory.getEventEngine().getListenerRegistry()` instead
13:13:46.459 [main] DEBUG org.hibernate.event.internal.EntityCopyObserverFactoryInitiator - Configured EntityCopyObserver strategy: disallow
13:13:46.485 [main] DEBUG org.hibernate.engine.transaction.jta.platform.internal.JtaPlatformInitiator - No JtaPlatform was specified, checking resolver
13:13:46.487 [main] DEBUG org.hibernate.engine.transaction.jta.platform.internal.JtaPlatformResolverInitiator - No JtaPlatformResolver was specified, using default [org.hibernate.engine.transaction.jta.platform.internal.StandardJtaPlatformResolver]
13:13:46.503 [main] DEBUG org.hibernate.engine.transaction.jta.platform.internal.StandardJtaPlatformResolver - Could not resolve JtaPlatform, using default [org.hibernate.engine.transaction.jta.platform.internal.NoJtaPlatform]
13:13:46.506 [main] INFO  org.hibernate.engine.transaction.jta.platform.internal.JtaPlatformInitiator - HHH000490: Using JtaPlatform implementation: [org.hibernate.engine.transaction.jta.platform.internal.NoJtaPlatform]
13:13:46.516 [main] DEBUG org.hibernate.type.spi.TypeConfiguration$Scope - Scoping TypeConfiguration [org.hibernate.type.spi.TypeConfiguration@3a89226e] to SessionFactoryImplementor [org.hibernate.internal.SessionFactoryImpl@7937a60e]
13:13:46.520 [main] DEBUG org.hibernate.query.named.NamedObjectRepository - Checking 0 named HQL queries
13:13:46.523 [main] DEBUG org.hibernate.query.named.NamedObjectRepository - Checking 0 named SQL queries
13:13:46.624 [main] DEBUG org.hibernate.SQL - drop table if exists users cascade 
13:13:46.628 [main] INFO  org.hibernate.orm.connections.access - HHH10001501: Connection obtained from JdbcConnectionAccess [org.hibernate.engine.jdbc.env.internal.JdbcEnvironmentInitiator$ConnectionProviderJdbcConnectionAccess@664c0019] for (non-JTA) DDL execution was not in auto-commit mode; the Connection 'local transaction' will be committed and the Connection will be set into auto-commit mode.
13:13:46.685 [main] DEBUG org.hibernate.SQL - create table users (id bigint generated by default as identity, name varchar(50) not null, surname varchar(50) not null, username varchar(50) not null unique, email varchar(100) not null, password varchar(100) not null, role varchar(255) not null check (role in ('ADMIN','USER','MODERATOR')), primary key (id))
13:13:46.686 [main] INFO  org.hibernate.orm.connections.access - HHH10001501: Connection obtained from JdbcConnectionAccess [org.hibernate.engine.jdbc.env.internal.JdbcEnvironmentInitiator$ConnectionProviderJdbcConnectionAccess@731ccdfc] for (non-JTA) DDL execution was not in auto-commit mode; the Connection 'local transaction' will be committed and the Connection will be set into auto-commit mode.
13:13:47.093 [main] DEBUG org.hibernate.tool.schema.internal.exec.GenerationTargetToDatabase - HHH000476: Executing script '[injected ScriptSourceInputNonExistentImpl script]'
13:13:47.181 [main] DEBUG org.hibernate.internal.SessionFactoryRegistry - Initializing SessionFactoryRegistry : org.hibernate.internal.SessionFactoryRegistry@4f1502d7
13:13:47.183 [main] DEBUG org.hibernate.internal.SessionFactoryRegistry - Registering SessionFactory: 6c232668-ba17-4e23-8d46-6611955285cd (<unnamed>)
13:13:47.183 [main] DEBUG org.hibernate.internal.SessionFactoryRegistry - Not binding SessionFactory to JNDI, no JNDI name configured
13:13:47.183 [main] DEBUG org.hibernate.internal.SessionFactoryImpl - Instantiated SessionFactory
13:13:47.849 [main] DEBUG org.hibernate.stat.internal.StatisticsInitiator - Statistics initialized [enabled=false]
13:13:47.885 [main] DEBUG org.hibernate.engine.transaction.internal.TransactionImpl - On TransactionImpl creation, JpaCompliance#isJpaTransactionComplianceEnabled == false
13:13:47.888 [main] DEBUG org.hibernate.engine.transaction.internal.TransactionImpl - begin
13:13:47.907 [main] INFO  com.demo.dao.UserDAOImpl - Utworzenie użytkownika: admin
13:13:47.981 [main] DEBUG org.hibernate.engine.spi.ActionQueue - Executing identity-insert immediately
13:13:48.023 [main] DEBUG org.hibernate.SQL - insert into users (email,name,password,role,surname,username,id) values (?,?,?,?,?,?,default)
13:13:48.834 [main] DEBUG org.hibernate.id.IdentifierGeneratorHelper - Natively generated identity (com.demo.models.User) : 1
13:13:49.034 [main] DEBUG org.hibernate.resource.jdbc.internal.ResourceRegistryStandardImpl - HHH000387: ResultSet's statement was not registered
13:13:49.039 [main] DEBUG org.hibernate.resource.jdbc.internal.ResourceRegistryStandardImpl - Exception clearing maxRows/queryTimeout [Obiekt jest zamknięty
The object is already closed [90007-224]]
13:13:49.183 [main] DEBUG com.demo.dao.UserDAOImpl - Szukanie użytkowników z rolą: ADMIN
13:13:49.193 [main] DEBUG org.hibernate.orm.query.hql - HQL : SELECT u FROM User u WHERE u.role = :role
13:13:50.316 [main] DEBUG org.hibernate.query.hql.internal.SemanticQueryBuilder - Handling root path - User
13:13:50.392 [main] DEBUG org.hibernate.orm.query.sqm.creation - Applying inferable type to SqmExpression [SqmNamedParameter(role)] : null -> BasicSqmPathSource(role : UserRole)
13:13:50.457 [main] DEBUG org.hibernate.orm.query.sqm.ast - SqmStatement Tree :
    -> [select]
      -> [query-spec]
        -> [select]
          -> [selection]
            -> [root] - `com.demo.models.User(u)`
            <- [root] - `com.demo.models.User(u)`
          <- [selection]
        <- [select]
        -> [from]
          -> [root] - `com.demo.models.User(u)`
          <- [root] - `com.demo.models.User(u)`
        <- [from]
        -> [where]
          -> [EQUAL]
              -> [basic-path] - `com.demo.models.User(u).role`
              :role
          <- [EQUAL]
        <- [where]
      <- [query-spec]
    <- [select]

13:13:50.675 [main] DEBUG org.hibernate.orm.sql.ast.create - Created new SQL alias : u1_0
13:13:50.676 [main] DEBUG org.hibernate.orm.sql.ast.create - Registration of TableGroup [StandardTableGroup(com.demo.models.User(u))] with identifierForTableGroup [com.demo.models.User] for NavigablePath [com.demo.models.User] 
13:13:50.715 [main] DEBUG org.hibernate.query.sqm.sql.BaseSqmToSqlAstConverter - Determining mapping-model type for SqmParameter : SqmNamedParameter(role)
13:13:50.719 [main] DEBUG org.hibernate.query.sqm.sql.BaseSqmToSqlAstConverter - Determining mapping-model type for SqmPath : SqmBasicValuedSimplePath(com.demo.models.User(u).role) 
13:13:50.741 [main] DEBUG org.hibernate.orm.results.graph.AST - DomainResult Graph:
 \-EntityResultImpl [com.demo.models.User(u)]
 |  +-BasicFetch [com.demo.models.User(u).email]
 |  +-BasicFetch [com.demo.models.User(u).name]
 |  +-BasicFetch [com.demo.models.User(u).password]
 |  +-BasicFetch [com.demo.models.User(u).role]
 |  +-BasicFetch [com.demo.models.User(u).surname]
 |  \-BasicFetch [com.demo.models.User(u).username]

13:13:50.742 [main] DEBUG org.hibernate.orm.sql.ast.tree - SQL AST Tree:
    SelectStatement {
      FromClause {
        StandardTableGroup (u1 : com.demo.models.User(u)) {
          primaryTableReference : users as u1_0
        }
      }
    }

13:13:50.756 [main] DEBUG org.hibernate.event.internal.AbstractFlushingEventListener - Processing flush-time cascades
13:13:50.758 [main] DEBUG org.hibernate.event.internal.AbstractFlushingEventListener - Dirty checking collections
13:13:50.776 [main] DEBUG org.hibernate.event.internal.AbstractFlushingEventListener - Flushed: 0 insertions, 0 updates, 0 deletions to 1 objects
13:13:50.776 [main] DEBUG org.hibernate.event.internal.AbstractFlushingEventListener - Flushed: 0 (re)creations, 0 updates, 0 removals to 0 collections
13:13:50.780 [main] DEBUG org.hibernate.internal.util.EntityPrinter - Listing entities:
13:13:50.783 [main] DEBUG org.hibernate.internal.util.EntityPrinter - com.demo.models.User{password=admin, role=ADMIN, surname=Admin, name=Admin, id=1, email=admin@admin.com, username=admin}
13:13:50.822 [main] DEBUG org.hibernate.orm.sql.exec - Skipping reading Query result cache data: cache-enabled = false, cache-mode = NORMAL
