13:16:08.872 [main] DEBUG org.hibernate.orm.model.mapping.creation - Starting post-init callbacks
13:16:08.876 [main] DEBUG org.hibernate.orm.model.mapping.creation - Starting PostInitCallbackEntry : Entity(com.demo.models.User) `staticFetchableList` generator
13:16:08.877 [main] DEBUG org.hibernate.orm.model.mapping.creation - Starting PostInitCallbackEntry : Entity(com.demo.models.User) `sqmMultiTableInsertStrategy` interpretation
13:16:09.049 [main] DEBUG org.hibernate.persister.entity.AbstractEntityPersister - Static SQL for entity: com.demo.models.User
13:16:09.049 [main] DEBUG org.hibernate.persister.entity.AbstractEntityPersister -  Version select: select id from users where id=?
13:16:09.050 [main] DEBUG org.hibernate.persister.entity.AbstractEntityPersister -  Insert (0): insert into users (email,name,password,role,surname,username,id) values (?,?,?,?,?,?,?)
13:16:09.051 [main] DEBUG org.hibernate.persister.entity.AbstractEntityPersister -  Update (0): update users set email=?,name=?,password=?,role=?,surname=?,username=? where id=?
13:16:09.051 [main] DEBUG org.hibernate.persister.entity.AbstractEntityPersister -  Delete (0): delete from users where id=?
13:16:09.098 [main] DEBUG org.hibernate.orm.sql.ast.create - Created new SQL alias : u1_0
13:16:09.107 [main] DEBUG org.hibernate.orm.sql.ast.create - Registration of TableGroup [StandardTableGroup(com.demo.models.User)] with identifierForTableGroup [com.demo.models.User] for NavigablePath [com.demo.models.User] 
13:16:09.162 [main] DEBUG org.hibernate.orm.results.graph.AST - DomainResult Graph:
 \-EntityResultImpl [com.demo.models.User]
 |  +-BasicFetch [com.demo.models.User.email]
 |  +-BasicFetch [com.demo.models.User.name]
 |  +-BasicFetch [com.demo.models.User.password]
 |  +-BasicFetch [com.demo.models.User.role]
 |  +-BasicFetch [com.demo.models.User.surname]
 |  \-BasicFetch [com.demo.models.User.username]

13:16:09.173 [main] DEBUG org.hibernate.orm.sql.ast.tree - SQL AST Tree:
    SelectStatement {
      FromClause {
        StandardTableGroup (u1 : com.demo.models.User) {
          primaryTableReference : users as u1_0
        }
      }
    }

13:16:09.357 [main] DEBUG org.hibernate.service.internal.SessionFactoryServiceRegistryImpl - EventListenerRegistry access via ServiceRegistry is deprecated.  Use `sessionFactory.getEventEngine().getListenerRegistry()` instead
13:16:09.357 [main] DEBUG org.hibernate.event.internal.EntityCopyObserverFactoryInitiator - Configured EntityCopyObserver strategy: disallow
13:16:09.395 [main] DEBUG org.hibernate.engine.transaction.jta.platform.internal.JtaPlatformInitiator - No JtaPlatform was specified, checking resolver
13:16:09.397 [main] DEBUG org.hibernate.engine.transaction.jta.platform.internal.JtaPlatformResolverInitiator - No JtaPlatformResolver was specified, using default [org.hibernate.engine.transaction.jta.platform.internal.StandardJtaPlatformResolver]
13:16:09.409 [main] DEBUG org.hibernate.engine.transaction.jta.platform.internal.StandardJtaPlatformResolver - Could not resolve JtaPlatform, using default [org.hibernate.engine.transaction.jta.platform.internal.NoJtaPlatform]
13:16:09.410 [main] INFO  org.hibernate.engine.transaction.jta.platform.internal.JtaPlatformInitiator - HHH000490: Using JtaPlatform implementation: [org.hibernate.engine.transaction.jta.platform.internal.NoJtaPlatform]
13:16:09.412 [main] DEBUG org.hibernate.type.spi.TypeConfiguration$Scope - Scoping TypeConfiguration [org.hibernate.type.spi.TypeConfiguration@60256d1b] to SessionFactoryImplementor [org.hibernate.internal.SessionFactoryImpl@7534b2a4]
13:16:09.455 [main] DEBUG org.hibernate.query.named.NamedObjectRepository - Checking 2 named HQL queries
13:16:09.456 [main] DEBUG org.hibernate.query.named.NamedObjectRepository - Checking named HQL query: User.findByLogin
13:16:09.469 [main] DEBUG org.hibernate.stat.internal.StatisticsInitiator - Statistics initialized [enabled=false]
13:16:09.478 [main] DEBUG org.hibernate.orm.query.hql - HQL : SELECT u FROM User u WHERE u.username = :login
13:16:10.154 [main] DEBUG org.hibernate.query.hql.internal.SemanticQueryBuilder - Handling root path - User
13:16:10.201 [main] DEBUG org.hibernate.orm.query.sqm.creation - Applying inferable type to SqmExpression [SqmNamedParameter(login)] : null -> BasicSqmPathSource(username : String)
13:16:10.240 [main] DEBUG org.hibernate.orm.query.sqm.ast - SqmStatement Tree :
    -> [select]
      -> [query-spec]
        -> [select]
          -> [selection]
            -> [root] - `com.demo.models.User(u)`
            <- [root] - `com.demo.models.User(u)`
          <- [selection]
        <- [select]
        -> [from]
          -> [root] - `com.demo.models.User(u)`
          <- [root] - `com.demo.models.User(u)`
        <- [from]
        -> [where]
          -> [EQUAL]
              -> [basic-path] - `com.demo.models.User(u).username`
              :login
          <- [EQUAL]
        <- [where]
      <- [query-spec]
    <- [select]

13:16:10.261 [main] DEBUG org.hibernate.query.named.NamedObjectRepository - Checking named HQL query: User.findByRole
13:16:10.262 [main] DEBUG org.hibernate.orm.query.hql - HQL : SELECT u FROM User u WHERE u.role = :role
13:16:10.264 [main] DEBUG org.hibernate.query.hql.internal.SemanticQueryBuilder - Handling root path - User
13:16:10.265 [main] DEBUG org.hibernate.orm.query.sqm.creation - Applying inferable type to SqmExpression [SqmNamedParameter(role)] : null -> BasicSqmPathSource(role : UserRole)
13:16:10.266 [main] DEBUG org.hibernate.orm.query.sqm.ast - SqmStatement Tree :
    -> [select]
      -> [query-spec]
        -> [select]
          -> [selection]
            -> [root] - `com.demo.models.User(u)`
            <- [root] - `com.demo.models.User(u)`
          <- [selection]
        <- [select]
        -> [from]
          -> [root] - `com.demo.models.User(u)`
          <- [root] - `com.demo.models.User(u)`
        <- [from]
        -> [where]
          -> [EQUAL]
              -> [basic-path] - `com.demo.models.User(u).role`
              :role
          <- [EQUAL]
        <- [where]
      <- [query-spec]
    <- [select]

13:16:10.267 [main] DEBUG org.hibernate.query.named.NamedObjectRepository - Checking 0 named SQL queries
13:16:10.307 [main] DEBUG org.hibernate.SQL - drop table if exists users cascade 
13:16:10.309 [main] INFO  org.hibernate.orm.connections.access - HHH10001501: Connection obtained from JdbcConnectionAccess [org.hibernate.engine.jdbc.env.internal.JdbcEnvironmentInitiator$ConnectionProviderJdbcConnectionAccess@334f130d] for (non-JTA) DDL execution was not in auto-commit mode; the Connection 'local transaction' will be committed and the Connection will be set into auto-commit mode.
13:16:10.313 [main] DEBUG org.hibernate.SQL - drop sequence if exists users_SEQ
13:16:10.330 [main] DEBUG org.hibernate.SQL - create sequence users_SEQ start with 1 increment by 50
13:16:10.330 [main] INFO  org.hibernate.orm.connections.access - HHH10001501: Connection obtained from JdbcConnectionAccess [org.hibernate.engine.jdbc.env.internal.JdbcEnvironmentInitiator$ConnectionProviderJdbcConnectionAccess@39660d2] for (non-JTA) DDL execution was not in auto-commit mode; the Connection 'local transaction' will be committed and the Connection will be set into auto-commit mode.
13:16:10.357 [main] DEBUG org.hibernate.SQL - create table users (id bigint not null, name varchar(50) not null, surname varchar(50) not null, username varchar(50) not null unique, email varchar(100) not null unique, password varchar(100) not null, role varchar(255) not null check (role in ('ADMIN','USER','MODERATOR')), primary key (id))
13:16:10.384 [main] DEBUG org.hibernate.tool.schema.internal.exec.GenerationTargetToDatabase - HHH000476: Executing script '[injected ScriptSourceInputNonExistentImpl script]'
13:16:10.395 [main] DEBUG org.hibernate.internal.SessionFactoryRegistry - Initializing SessionFactoryRegistry : org.hibernate.internal.SessionFactoryRegistry@1b3a8975
13:16:10.395 [main] DEBUG org.hibernate.internal.SessionFactoryRegistry - Registering SessionFactory: 9c338bbb-b526-4dd6-8287-392fc5bf50ed (<unnamed>)
13:16:10.395 [main] DEBUG org.hibernate.internal.SessionFactoryRegistry - Not binding SessionFactory to JNDI, no JNDI name configured
13:16:10.395 [main] DEBUG org.hibernate.internal.SessionFactoryImpl - Instantiated SessionFactory
13:16:10.544 [main] DEBUG org.hibernate.engine.transaction.internal.TransactionImpl - On TransactionImpl creation, JpaCompliance#isJpaTransactionComplianceEnabled == false
13:16:10.544 [main] DEBUG org.hibernate.engine.transaction.internal.TransactionImpl - begin
13:16:10.574 [main] DEBUG org.hibernate.engine.transaction.internal.TransactionImpl - rolling back
13:16:10.576 [main] DEBUG org.hibernate.resource.jdbc.internal.LogicalConnectionManagedImpl - Initiating JDBC connection release from afterTransaction
13:16:10.577 [main] DEBUG org.hibernate.resource.jdbc.internal.LogicalConnectionManagedImpl - Initiating JDBC connection release from afterTransaction
13:16:10.604 [main] DEBUG org.hibernate.internal.SessionFactoryImpl - HHH000031: Closing
13:16:10.604 [main] DEBUG org.hibernate.tool.schema.internal.SchemaDropperImpl$DelayedDropActionImpl - HHH000477: Starting delayed evictData of schema as part of SessionFactory shut-down'
13:16:10.605 [main] DEBUG org.hibernate.SQL - drop table if exists users cascade 
13:16:10.606 [main] INFO  org.hibernate.orm.connections.access - HHH10001501: Connection obtained from JdbcConnectionAccess [org.hibernate.engine.jdbc.env.internal.JdbcEnvironmentInitiator$ConnectionProviderJdbcConnectionAccess@57cd757a] for (non-JTA) DDL execution was not in auto-commit mode; the Connection 'local transaction' will be committed and the Connection will be set into auto-commit mode.
13:16:10.609 [main] DEBUG org.hibernate.SQL - drop sequence if exists users_SEQ
13:16:10.610 [main] DEBUG org.hibernate.type.spi.TypeConfiguration$Scope - Un-scoping TypeConfiguration [org.hibernate.type.spi.TypeConfiguration$Scope@47c8ced] from SessionFactory [org.hibernate.internal.SessionFactoryImpl@7534b2a4]
13:16:10.610 [main] DEBUG org.hibernate.service.internal.AbstractServiceRegistryImpl - Implicitly destroying ServiceRegistry on de-registration of all child ServiceRegistries
