13:15:29.719 [com.demo.App.main()] DEBUG org.hibernate.HQL_FUNCTIONS - String listagg(STRING arg0, STRING arg1)
13:15:29.735 [com.demo.App.main()] DEBUG org.hibernate.HQL_FUNCTIONS - Double ln(NUMERIC arg)
13:15:29.735 [com.demo.App.main()] DEBUG org.hibernate.HQL_FUNCTIONS - LocalDate local date
13:15:29.735 [com.demo.App.main()] DEBUG org.hibernate.HQL_FUNCTIONS - LocalDateTime local datetime
13:15:29.737 [com.demo.App.main()] DEBUG org.hibernate.HQL_FUNCTIONS - LocalTime local time
13:15:29.737 [com.demo.App.main()] DEBUG org.hibernate.HQL_FUNCTIONS - LocalDate local_date
13:15:29.737 [com.demo.App.main()] DEBUG org.hibernate.HQL_FUNCTIONS - LocalDateTime local_datetime
13:15:29.737 [com.demo.App.main()] DEBUG org.hibernate.HQL_FUNCTIONS - LocalTime local_time
13:15:29.737 [com.demo.App.main()] DEBUG org.hibernate.HQL_FUNCTIONS - Time localtime
13:15:29.737 [com.demo.App.main()] DEBUG org.hibernate.HQL_FUNCTIONS - Timestamp localtimestamp
13:15:29.737 [com.demo.App.main()] DEBUG org.hibernate.HQL_FUNCTIONS - Integer locate(STRING pattern, STRING string[, INTEGER start])
13:15:29.737 [com.demo.App.main()] DEBUG org.hibernate.HQL_FUNCTIONS - Double log(NUMERIC base, NUMERIC arg)
13:15:29.737 [com.demo.App.main()] DEBUG org.hibernate.HQL_FUNCTIONS - Double log10(NUMERIC arg)
13:15:29.737 [com.demo.App.main()] DEBUG org.hibernate.HQL_FUNCTIONS - String lower(STRING string)
13:15:29.737 [com.demo.App.main()] DEBUG org.hibernate.HQL_FUNCTIONS - String lpad(STRING string, INTEGER length[, STRING padding])
13:15:29.737 [com.demo.App.main()] DEBUG org.hibernate.HQL_FUNCTIONS - String ltrim(STRING string)
13:15:29.737 [com.demo.App.main()] DEBUG org.hibernate.HQL_FUNCTIONS - max(COMPARABLE arg)
13:15:29.737 [com.demo.App.main()] DEBUG org.hibernate.HQL_FUNCTIONS - Double median(NUMERIC arg)
13:15:29.737 [com.demo.App.main()] DEBUG org.hibernate.HQL_FUNCTIONS - Integer microsecond(TIME arg)
13:15:29.737 [com.demo.App.main()] DEBUG org.hibernate.HQL_FUNCTIONS - min(COMPARABLE arg)
13:15:29.737 [com.demo.App.main()] DEBUG org.hibernate.HQL_FUNCTIONS - Integer minute(TIME arg)
13:15:29.737 [com.demo.App.main()] DEBUG org.hibernate.HQL_FUNCTIONS - Integer mod(INTEGER arg0, INTEGER arg1)
13:15:29.737 [com.demo.App.main()] DEBUG org.hibernate.HQL_FUNCTIONS - mode()
13:15:29.737 [com.demo.App.main()] DEBUG org.hibernate.HQL_FUNCTIONS - Integer month(DATE arg)
13:15:29.737 [com.demo.App.main()] DEBUG org.hibernate.HQL_FUNCTIONS - String monthname(DATE arg)
13:15:29.737 [com.demo.App.main()] DEBUG org.hibernate.HQL_FUNCTIONS - Timestamp now()
13:15:29.737 [com.demo.App.main()] DEBUG org.hibernate.HQL_FUNCTIONS - nth_valueANY value, INTEGER nth
13:15:29.737 [com.demo.App.main()] DEBUG org.hibernate.HQL_FUNCTIONS - nullif(arg0, arg1)
13:15:29.737 [com.demo.App.main()] DEBUG org.hibernate.HQL_FUNCTIONS - Integer octet_length(STRING_OR_CLOB arg)
13:15:29.737 [com.demo.App.main()] DEBUG org.hibernate.HQL_FUNCTIONS - OffsetDateTime offset datetime
13:15:29.737 [com.demo.App.main()] DEBUG org.hibernate.HQL_FUNCTIONS - OffsetDateTime offset_datetime
13:15:29.737 [com.demo.App.main()] DEBUG org.hibernate.HQL_FUNCTIONS - String overlay(STRING string placing STRING replacement from INTEGER start[ for INTEGER length])
13:15:29.737 [com.demo.App.main()] DEBUG org.hibernate.HQL_FUNCTIONS - String pad(STRING string with INTEGER length {leading|trailing}[ STRING character])
13:15:29.737 [com.demo.App.main()] DEBUG org.hibernate.HQL_FUNCTIONS - Double percent_rank([arg0[, ...]])
13:15:29.737 [com.demo.App.main()] DEBUG org.hibernate.HQL_FUNCTIONS - percentile_cont(NUMERIC arg)
13:15:29.737 [com.demo.App.main()] DEBUG org.hibernate.HQL_FUNCTIONS - percentile_disc(NUMERIC arg)
13:15:29.737 [com.demo.App.main()] DEBUG org.hibernate.HQL_FUNCTIONS - Double pi
13:15:29.737 [com.demo.App.main()] DEBUG org.hibernate.HQL_FUNCTIONS - Integer position(STRING pattern in STRING string)
13:15:29.737 [com.demo.App.main()] DEBUG org.hibernate.HQL_FUNCTIONS - Double power(NUMERIC arg0, NUMERIC arg1)
13:15:29.737 [com.demo.App.main()] DEBUG org.hibernate.HQL_FUNCTIONS - Integer quarter(DATE arg)
13:15:29.737 [com.demo.App.main()] DEBUG org.hibernate.HQL_FUNCTIONS - Double radians(NUMERIC arg)
13:15:29.737 [com.demo.App.main()] DEBUG org.hibernate.HQL_FUNCTIONS - Double rand([INTEGER seed])
13:15:29.737 [com.demo.App.main()] DEBUG org.hibernate.HQL_FUNCTIONS - Long rank([arg0[, ...]])
13:15:29.737 [com.demo.App.main()] DEBUG org.hibernate.HQL_FUNCTIONS - String repeat(STRING string, INTEGER times)
13:15:29.737 [com.demo.App.main()] DEBUG org.hibernate.HQL_FUNCTIONS - String replace(STRING string, STRING pattern, STRING replacement)
13:15:29.737 [com.demo.App.main()] DEBUG org.hibernate.HQL_FUNCTIONS - String right(STRING string, INTEGER length)
13:15:29.737 [com.demo.App.main()] DEBUG org.hibernate.HQL_FUNCTIONS - round(NUMERIC number[, INTEGER places])
13:15:29.737 [com.demo.App.main()] DEBUG org.hibernate.HQL_FUNCTIONS - Long row_number()
13:15:29.737 [com.demo.App.main()] DEBUG org.hibernate.HQL_FUNCTIONS - Long rownum()
13:15:29.748 [com.demo.App.main()] DEBUG org.hibernate.HQL_FUNCTIONS - String rpad(STRING string, INTEGER length[, STRING padding])
13:15:29.748 [com.demo.App.main()] DEBUG org.hibernate.HQL_FUNCTIONS - String rtrim(STRING string)
13:15:29.748 [com.demo.App.main()] DEBUG org.hibernate.HQL_FUNCTIONS - Integer second(TIME arg)
13:15:29.748 [com.demo.App.main()] DEBUG org.hibernate.HQL_FUNCTIONS - Integer sign(NUMERIC arg)
13:15:29.748 [com.demo.App.main()] DEBUG org.hibernate.HQL_FUNCTIONS - Double sin(NUMERIC arg)
13:15:29.749 [com.demo.App.main()] DEBUG org.hibernate.HQL_FUNCTIONS - Double sinh(NUMERIC arg)
13:15:29.749 [com.demo.App.main()] DEBUG org.hibernate.HQL_FUNCTIONS - String soundex(arg)
13:15:29.749 [com.demo.App.main()] DEBUG org.hibernate.HQL_FUNCTIONS - String space(INTEGER arg)
13:15:29.749 [com.demo.App.main()] DEBUG org.hibernate.HQL_FUNCTIONS - Object sql
13:15:29.750 [com.demo.App.main()] DEBUG org.hibernate.HQL_FUNCTIONS - Double sqrt(NUMERIC arg)
13:15:29.750 [com.demo.App.main()] DEBUG org.hibernate.HQL_FUNCTIONS - Double stddev_pop(NUMERIC arg)
13:15:29.750 [com.demo.App.main()] DEBUG org.hibernate.HQL_FUNCTIONS - Double stddev_samp(NUMERIC arg)
13:15:29.752 [com.demo.App.main()] DEBUG org.hibernate.HQL_FUNCTIONS - String str(arg)
13:15:29.752 [com.demo.App.main()] DEBUG org.hibernate.HQL_FUNCTIONS - String substr(STRING string, INTEGER start[, INTEGER length])
13:15:29.752 [com.demo.App.main()] DEBUG org.hibernate.HQL_FUNCTIONS - String substring(STRING string{ from|,} INTEGER start[{ for|,} INTEGER length])
13:15:29.752 [com.demo.App.main()] DEBUG org.hibernate.HQL_FUNCTIONS - sum(arg)
13:15:29.754 [com.demo.App.main()] DEBUG org.hibernate.HQL_FUNCTIONS - Timestamp sysdate
13:15:29.754 [com.demo.App.main()] DEBUG org.hibernate.HQL_FUNCTIONS - Double tan(NUMERIC arg)
13:15:29.754 [com.demo.App.main()] DEBUG org.hibernate.HQL_FUNCTIONS - Double tanh(NUMERIC arg)
13:15:29.754 [com.demo.App.main()] DEBUG org.hibernate.HQL_FUNCTIONS - timestampadd(TEMPORAL_UNIT field, INTEGER magnitude, TEMPORAL datetime)
13:15:29.754 [com.demo.App.main()] DEBUG org.hibernate.HQL_FUNCTIONS - basicType@1(java.lang.Long,-5)|basicType@14(java.lang.Double,8) timestampdiff(TEMPORAL_UNIT field, TEMPORAL start, TEMPORAL end)
13:15:29.755 [com.demo.App.main()] DEBUG org.hibernate.HQL_FUNCTIONS - String translate(STRING arg0, STRING arg1, STRING arg2)
13:15:29.755 [com.demo.App.main()] DEBUG org.hibernate.HQL_FUNCTIONS - String trim([[{leading|trailing|both} ][STRING arg0 ]from] STRING arg1)
13:15:29.756 [com.demo.App.main()] DEBUG org.hibernate.HQL_FUNCTIONS - trunc( ... )
13:15:29.756 [com.demo.App.main()] DEBUG org.hibernate.HQL_FUNCTIONS - truncate( ... )
13:15:29.756 [com.demo.App.main()] DEBUG org.hibernate.HQL_FUNCTIONS - String upper(STRING string)
13:15:29.757 [com.demo.App.main()] DEBUG org.hibernate.HQL_FUNCTIONS - Double var_pop(NUMERIC arg)
13:15:29.757 [com.demo.App.main()] DEBUG org.hibernate.HQL_FUNCTIONS - Double var_samp(NUMERIC arg)
13:15:29.757 [com.demo.App.main()] DEBUG org.hibernate.HQL_FUNCTIONS - Integer week(DATE arg)
13:15:29.757 [com.demo.App.main()] DEBUG org.hibernate.HQL_FUNCTIONS - Integer year(DATE arg)
13:15:29.768 [com.demo.App.main()] DEBUG org.hibernate.orm.query.plan.cache - Starting QueryPlanCache(2048)
13:15:30.034 [com.demo.App.main()] DEBUG org.hibernate.boot.internal.ClassLoaderAccessImpl - Not known whether passed class name [com.demo.models.User] is safe
13:15:30.039 [com.demo.App.main()] DEBUG org.hibernate.boot.internal.ClassLoaderAccessImpl - No temp ClassLoader provided; using live ClassLoader for loading potentially unsafe class : com.demo.models.User
13:15:30.547 [com.demo.App.main()] DEBUG org.hibernate.bytecode.internal.bytebuddy.BytecodeProviderImpl - HHH000513: Unable to create the ReflectionOptimizer for [com.demo.models.User]
org.hibernate.bytecode.internal.bytebuddy.PrivateAccessorException: private accessor [email]
	at org.hibernate.bytecode.internal.bytebuddy.BytecodeProviderImpl.findAccessors(BytecodeProviderImpl.java:1238) ~[hibernate-core-6.2.7.Final.jar:6.2.7.Final]
	at org.hibernate.bytecode.internal.bytebuddy.BytecodeProviderImpl.getReflectionOptimizer(BytecodeProviderImpl.java:232) ~[hibernate-core-6.2.7.Final.jar:6.2.7.Final]
	at org.hibernate.metamodel.internal.EntityRepresentationStrategyPojoStandard.resolveReflectionOptimizer(EntityRepresentationStrategyPojoStandard.java:293) ~[hibernate-core-6.2.7.Final.jar:6.2.7.Final]
	at org.hibernate.metamodel.internal.EntityRepresentationStrategyPojoStandard.<init>(EntityRepresentationStrategyPojoStandard.java:161) ~[hibernate-core-6.2.7.Final.jar:6.2.7.Final]
	at org.hibernate.metamodel.internal.ManagedTypeRepresentationResolverStandard.resolveStrategy(ManagedTypeRepresentationResolverStandard.java:62) ~[hibernate-core-6.2.7.Final.jar:6.2.7.Final]
	at org.hibernate.persister.entity.AbstractEntityPersister.<init>(AbstractEntityPersister.java:509) ~[hibernate-core-6.2.7.Final.jar:6.2.7.Final]
	at org.hibernate.persister.entity.SingleTableEntityPersister.<init>(SingleTableEntityPersister.java:140) ~[hibernate-core-6.2.7.Final.jar:6.2.7.Final]
	at jdk.internal.reflect.DirectConstructorHandleAccessor.newInstance(DirectConstructorHandleAccessor.java:62) ~[?:?]
	at java.lang.reflect.Constructor.newInstanceWithCaller(Constructor.java:502) ~[?:?]
	at java.lang.reflect.Constructor.newInstance(Constructor.java:486) ~[?:?]
	at org.hibernate.persister.internal.PersisterFactoryImpl.createEntityPersister(PersisterFactoryImpl.java:92) ~[hibernate-core-6.2.7.Final.jar:6.2.7.Final]
	at org.hibernate.persister.internal.PersisterFactoryImpl.createEntityPersister(PersisterFactoryImpl.java:75) ~[hibernate-core-6.2.7.Final.jar:6.2.7.Final]
	at org.hibernate.metamodel.model.domain.internal.MappingMetamodelImpl.processBootEntities(MappingMetamodelImpl.java:247) ~[hibernate-core-6.2.7.Final.jar:6.2.7.Final]
	at org.hibernate.metamodel.model.domain.internal.MappingMetamodelImpl.finishInitialization(MappingMetamodelImpl.java:185) ~[hibernate-core-6.2.7.Final.jar:6.2.7.Final]
	at org.hibernate.internal.SessionFactoryImpl.initializeMappingModel(SessionFactoryImpl.java:320) ~[hibernate-core-6.2.7.Final.jar:6.2.7.Final]
	at org.hibernate.internal.SessionFactoryImpl.<init>(SessionFactoryImpl.java:270) ~[hibernate-core-6.2.7.Final.jar:6.2.7.Final]
	at org.hibernate.boot.internal.SessionFactoryBuilderImpl.build(SessionFactoryBuilderImpl.java:431) ~[hibernate-core-6.2.7.Final.jar:6.2.7.Final]
	at org.hibernate.jpa.boot.internal.EntityManagerFactoryBuilderImpl.build(EntityManagerFactoryBuilderImpl.java:1455) ~[hibernate-core-6.2.7.Final.jar:6.2.7.Final]
	at org.hibernate.jpa.HibernatePersistenceProvider.createEntityManagerFactory(HibernatePersistenceProvider.java:55) ~[hibernate-core-6.2.7.Final.jar:6.2.7.Final]
	at jakarta.persistence.Persistence.createEntityManagerFactory(Persistence.java:80) ~[jakarta.persistence-api-3.1.0.jar:3.1.0]
	at jakarta.persistence.Persistence.createEntityManagerFactory(Persistence.java:55) ~[jakarta.persistence-api-3.1.0.jar:3.1.0]
	at com.demo.App.main(App.java:20) ~[classes/:?]
	at org.codehaus.mojo.exec.ExecJavaMojo$1.run(ExecJavaMojo.java:279) ~[?:?]
	at java.lang.Thread.run(Thread.java:1583) [?:?]
