15:02:20.106 [main] DEBUG org.hibernate.orm.results - Initializer list
15:02:20.117 [main] DEBUG org.hibernate.orm.results -     com.demo.models.User(u) -> EntityResultInitializer(com.demo.models.User(u))@693178914 (SingleTableEntityPersister(com.demo.models.User))
15:02:20.132 [main] DEBUG org.hibernate.SQL - select u1_0.id,u1_0.email,u1_0.name,u1_0.password,u1_0.role,u1_0.surname,u1_0.username from users u1_0 where u1_0.role=?
15:02:20.141 [main] DEBUG org.hibernate.orm.results - Extracted JDBC value [0] - [1]
15:02:20.142 [main] DEBUG org.hibernate.orm.results.loading.entity - (EntityResultInitializer) Hydrated EntityKey (com.demo.models.User(u)): 1
15:02:20.146 [main] DEBUG org.hibernate.orm.results.loading - Calling top-level assembler (0 / 1) : org.hibernate.sql.results.graph.entity.internal.EntityAssembler@5e2df034
15:02:20.174 [main] DEBUG org.hibernate.engine.transaction.internal.TransactionImpl - rolling back
15:02:20.176 [main] DEBUG org.hibernate.resource.jdbc.internal.LogicalConnectionManagedImpl - Initiating JDBC connection release from afterTransaction
15:02:20.177 [main] DEBUG org.hibernate.resource.jdbc.internal.LogicalConnectionManagedImpl - Initiating JDBC connection release from afterTransaction
15:02:20.199 [main] DEBUG org.hibernate.engine.transaction.internal.TransactionImpl - On TransactionImpl creation, JpaCompliance#isJpaTransactionComplianceEnabled == false
15:02:20.199 [main] DEBUG org.hibernate.engine.transaction.internal.TransactionImpl - begin
15:02:20.200 [main] INFO  com.demo.impl.UserDAOImpl - Utworzenie użytkownika: testuser
15:02:20.200 [main] DEBUG org.hibernate.engine.spi.ActionQueue - Executing identity-insert immediately
15:02:20.201 [main] DEBUG org.hibernate.SQL - insert into users (email,name,password,role,surname,username,id) values (?,?,?,?,?,?,default)
15:02:20.203 [main] DEBUG org.hibernate.id.IdentifierGeneratorHelper - Natively generated identity (com.demo.models.User) : 2
15:02:20.203 [main] DEBUG org.hibernate.resource.jdbc.internal.ResourceRegistryStandardImpl - HHH000387: ResultSet's statement was not registered
15:02:20.204 [main] DEBUG org.hibernate.resource.jdbc.internal.ResourceRegistryStandardImpl - Exception clearing maxRows/queryTimeout [Obiekt jest zamknięty
The object is already closed [90007-224]]
15:02:20.229 [main] INFO  com.demo.impl.UserDAOImpl - Usunięto użytkownika z ID: 2
15:02:20.238 [main] DEBUG com.demo.impl.UserDAOImpl - Szukanie użytkownika z ID: 2
15:02:20.239 [main] DEBUG org.hibernate.orm.results.loading - Load request found matching entity in context, but it is scheduled for removal; returning null
15:02:20.242 [main] DEBUG org.hibernate.engine.transaction.internal.TransactionImpl - rolling back
15:02:20.243 [main] DEBUG org.hibernate.resource.jdbc.internal.LogicalConnectionManagedImpl - Initiating JDBC connection release from afterTransaction
15:02:20.244 [main] DEBUG org.hibernate.resource.jdbc.internal.LogicalConnectionManagedImpl - Initiating JDBC connection release from afterTransaction
15:02:20.248 [main] DEBUG org.hibernate.engine.transaction.internal.TransactionImpl - On TransactionImpl creation, JpaCompliance#isJpaTransactionComplianceEnabled == false
15:02:20.248 [main] DEBUG org.hibernate.engine.transaction.internal.TransactionImpl - begin
15:02:20.249 [main] INFO  com.demo.impl.UserDAOImpl - Utworzenie użytkownika: testuser
15:02:20.251 [main] DEBUG org.hibernate.engine.spi.ActionQueue - Executing identity-insert immediately
15:02:20.251 [main] DEBUG org.hibernate.SQL - insert into users (email,name,password,role,surname,username,id) values (?,?,?,?,?,?,default)
15:02:20.252 [main] DEBUG org.hibernate.id.IdentifierGeneratorHelper - Natively generated identity (com.demo.models.User) : 3
15:02:20.252 [main] DEBUG org.hibernate.resource.jdbc.internal.ResourceRegistryStandardImpl - HHH000387: ResultSet's statement was not registered
15:02:20.253 [main] DEBUG org.hibernate.resource.jdbc.internal.ResourceRegistryStandardImpl - Exception clearing maxRows/queryTimeout [Obiekt jest zamknięty
The object is already closed [90007-224]]
15:02:20.253 [main] DEBUG com.demo.impl.UserDAOImpl - Szukanie użytkownika o nazwie: testuser
15:02:20.253 [main] DEBUG org.hibernate.orm.query.hql - HQL : SELECT u FROM User u WHERE u.username = :username
15:02:20.255 [main] DEBUG org.hibernate.query.hql.internal.SemanticQueryBuilder - Handling root path - User
15:02:20.256 [main] DEBUG org.hibernate.orm.query.sqm.creation - Applying inferable type to SqmExpression [SqmNamedParameter(username)] : null -> BasicSqmPathSource(username : String)
15:02:20.257 [main] DEBUG org.hibernate.orm.query.sqm.ast - SqmStatement Tree :
    -> [select]
      -> [query-spec]
        -> [select]
          -> [selection]
            -> [root] - `com.demo.models.User(u)`
            <- [root] - `com.demo.models.User(u)`
          <- [selection]
        <- [select]
        -> [from]
          -> [root] - `com.demo.models.User(u)`
          <- [root] - `com.demo.models.User(u)`
        <- [from]
        -> [where]
          -> [EQUAL]
              -> [basic-path] - `com.demo.models.User(u).username`
              :username
          <- [EQUAL]
        <- [where]
      <- [query-spec]
    <- [select]

15:02:20.260 [main] DEBUG org.hibernate.orm.sql.ast.create - Created new SQL alias : u1_0
15:02:20.261 [main] DEBUG org.hibernate.orm.sql.ast.create - Registration of TableGroup [StandardTableGroup(com.demo.models.User(u))] with identifierForTableGroup [com.demo.models.User] for NavigablePath [com.demo.models.User] 
15:02:20.262 [main] DEBUG org.hibernate.query.sqm.sql.BaseSqmToSqlAstConverter - Determining mapping-model type for SqmParameter : SqmNamedParameter(username)
15:02:20.262 [main] DEBUG org.hibernate.query.sqm.sql.BaseSqmToSqlAstConverter - Determining mapping-model type for SqmPath : SqmBasicValuedSimplePath(com.demo.models.User(u).username) 
15:02:20.266 [main] DEBUG org.hibernate.orm.results.graph.AST - DomainResult Graph:
 \-EntityResultImpl [com.demo.models.User(u)]
 |  +-BasicFetch [com.demo.models.User(u).email]
 |  +-BasicFetch [com.demo.models.User(u).name]
 |  +-BasicFetch [com.demo.models.User(u).password]
 |  +-BasicFetch [com.demo.models.User(u).role]
 |  +-BasicFetch [com.demo.models.User(u).surname]
 |  \-BasicFetch [com.demo.models.User(u).username]

15:02:20.267 [main] DEBUG org.hibernate.orm.sql.ast.tree - SQL AST Tree:
    SelectStatement {
      FromClause {
        StandardTableGroup (u1 : com.demo.models.User(u)) {
          primaryTableReference : users as u1_0
        }
      }
    }

15:02:20.267 [main] DEBUG org.hibernate.event.internal.AbstractFlushingEventListener - Processing flush-time cascades
15:02:20.268 [main] DEBUG org.hibernate.event.internal.AbstractFlushingEventListener - Dirty checking collections
15:02:20.268 [main] DEBUG org.hibernate.event.internal.AbstractFlushingEventListener - Flushed: 0 insertions, 0 updates, 0 deletions to 1 objects
15:02:20.268 [main] DEBUG org.hibernate.event.internal.AbstractFlushingEventListener - Flushed: 0 (re)creations, 0 updates, 0 removals to 0 collections
15:02:20.268 [main] DEBUG org.hibernate.internal.util.EntityPrinter - Listing entities:
15:02:20.268 [main] DEBUG org.hibernate.internal.util.EntityPrinter - com.demo.models.User{password=password, role=USER, surname=Kowalski, name=Jan, id=3, email=test@test.com, username=testuser}
15:02:20.268 [main] DEBUG org.hibernate.orm.sql.exec - Skipping reading Query result cache data: cache-enabled = false, cache-mode = NORMAL
15:02:20.268 [main] DEBUG org.hibernate.orm.results - Initializer list
15:02:20.269 [main] DEBUG org.hibernate.orm.results -     com.demo.models.User(u) -> EntityResultInitializer(com.demo.models.User(u))@1550682688 (SingleTableEntityPersister(com.demo.models.User))
15:02:20.269 [main] DEBUG org.hibernate.SQL - select u1_0.id,u1_0.email,u1_0.name,u1_0.password,u1_0.role,u1_0.surname,u1_0.username from users u1_0 where u1_0.username=?
15:02:20.272 [main] DEBUG org.hibernate.orm.results - Extracted JDBC value [0] - [3]
15:02:20.272 [main] DEBUG org.hibernate.orm.results.loading.entity - (EntityResultInitializer) Hydrated EntityKey (com.demo.models.User(u)): 3
15:02:20.272 [main] DEBUG org.hibernate.orm.results.loading - Calling top-level assembler (0 / 1) : org.hibernate.sql.results.graph.entity.internal.EntityAssembler@5b02d7a7
15:02:20.275 [main] DEBUG org.hibernate.engine.transaction.internal.TransactionImpl - rolling back
15:02:20.276 [main] DEBUG org.hibernate.resource.jdbc.internal.LogicalConnectionManagedImpl - Initiating JDBC connection release from afterTransaction
15:02:20.277 [main] DEBUG org.hibernate.resource.jdbc.internal.LogicalConnectionManagedImpl - Initiating JDBC connection release from afterTransaction
15:02:20.281 [main] DEBUG org.hibernate.internal.SessionFactoryImpl - HHH000031: Closing
15:02:20.282 [main] DEBUG org.hibernate.tool.schema.internal.SchemaDropperImpl$DelayedDropActionImpl - HHH000477: Starting delayed evictData of schema as part of SessionFactory shut-down'
15:02:20.283 [main] DEBUG org.hibernate.SQL - drop table if exists users cascade 
15:02:20.284 [main] INFO  org.hibernate.orm.connections.access - HHH10001501: Connection obtained from JdbcConnectionAccess [org.hibernate.engine.jdbc.env.internal.JdbcEnvironmentInitiator$ConnectionProviderJdbcConnectionAccess@610f146c] for (non-JTA) DDL execution was not in auto-commit mode; the Connection 'local transaction' will be committed and the Connection will be set into auto-commit mode.
15:02:20.292 [main] DEBUG org.hibernate.type.spi.TypeConfiguration$Scope - Un-scoping TypeConfiguration [org.hibernate.type.spi.TypeConfiguration$Scope@6280829f] from SessionFactory [org.hibernate.internal.SessionFactoryImpl@55a72c9e]
15:02:20.293 [main] DEBUG org.hibernate.service.internal.AbstractServiceRegistryImpl - Implicitly destroying ServiceRegistry on de-registration of all child ServiceRegistries
15:02:20.295 [main] INFO  org.hibernate.orm.connections.pooling - HHH10001008: Cleaning up connection pool [jdbc:h2:mem:testdb;DB_CLOSE_DELAY=-1]
15:02:20.298 [main] DEBUG org.hibernate.boot.registry.internal.BootstrapServiceRegistryImpl - Implicitly destroying Boot-strap registry on de-registration of all child ServiceRegistries
